0 33
0 112584
1 44
1 218487
2 51
2 318179
3 68
3 411331
4 87
4 496134
5 95
5 571773
6 98
6 638854
7 98
7 698482
8 98
8 751035
9 98
9 796534
10 98
10 834527
11 98
11 865304
12 98
12 889762
13 98
13 908919
14 98
14 924019
15 98
15 936124
16 98
16 945841
17 98
17 953640
18 98
18 959861
19 98
19 964836
20 98
20 968689
21 98
21 971600
22 98
22 973758
23 98
23 975297
24 98
24 976387
25 98
25 977070
26 98
26 977498
27 98
27 977764
28 98
28 977922
29 98
29 978012
30 98
30 978048
31 98
31 978068
32 98
32 978069
33 98
33 978071
34 98
34 978071
35 98
35 978071
36 98
36 978071
37 98
37 978071
38 98
38 978071
39 98
39 978071
40 98
40 978071
41 98
41 978071
42 98
42 978071
43 98
43 978071
44 98
44 978071
45 98
45 978071
46 98
46 978071
47 98
47 978071
48 98
48 978071
49 98
49 978071
50 98
50 978071
51 98
51 978071
52 98
52 978071
53 98
53 978071
54 98
54 978071
55 98
55 978071
56 98
56 978071
57 98
57 978071
58 98
58 978071
59 98
59 978071
60 98
60 978071
61 98
61 978071
62 98
62 978071
63 98
63 978071
64 98
64 978071
65 98
65 978071
66 98
66 978071
67 98
67 978071
68 98
68 978071
69 98
69 978071
70 98
70 978071
71 98
71 978071
72 98
72 978071
73 98
73 978071
74 98
74 978071
75 98
75 978071
76 98
76 978071
77 98
77 978071
78 98
78 978071
79 98
79 978071
80 98
80 978071
81 98
81 978071
82 98
82 978071
83 98
83 978071
84 98
84 978071
85 98
85 978071
86 98
86 978071
87 98
87 978071
88 98
88 978071
89 98
89 978071
